<?xml version="1.0" encoding="UTF-8"?>
<testsuite name="PingPongTest" tests="1" skipped="0" failures="0" errors="0" timestamp="2019-10-03T09:37:43" hostname="nick-VirtualBox" time="0.003">
  <properties/>
  <testcase name="runPingPong_countUptoGivenNumber_ArrayList" classname="PingPongTest" time="0.003"/>
  <system-out><![CDATA[]]></system-out>
  <system-err><![CDATA[]]></system-err>
</testsuite>
